<?xml version="1.0" encoding="UTF-8"?>
<!-- Generated by org.testng.reporters.JUnitXMLReporter -->
<testsuite hostname="ONEBIOPDV05X046" name="Flipkart Amazon Price Comparison" tests="2" failures="0" timestamp="28 Oct 2021 16:12:14 GMT" time="37.723" errors="0">
  <testcase name="verifyFlipkartProductAvailibility" time="8.64" classname="com.smallcase.testcases.FlipkartAmazonPriceComparisonTest"/>
  <testcase name="compareProductPriceInFlipkartAndAmazon" time="17.376" classname="com.smallcase.testcases.FlipkartAmazonPriceComparisonTest"/>
</testsuite> <!-- Flipkart Amazon Price Comparison -->
